mode: set
psa/aws/rds/rds.go:13.37,19.16 2 1
psa/aws/rds/rds.go:22.2,24.19 2 1
psa/aws/rds/rds.go:19.16,21.3 1 0
psa/aws/rds/rds.go:27.61,33.2 3 1
psa/aws/rds/rds.go:37.100,39.45 2 1
psa/aws/rds/rds.go:46.2,46.36 1 1
psa/aws/rds/rds.go:49.2,49.34 1 1
psa/aws/rds/rds.go:39.45,40.73 1 1
psa/aws/rds/rds.go:40.73,41.77 1 1
psa/aws/rds/rds.go:41.77,43.5 1 1
psa/aws/rds/rds.go:46.36,48.3 1 0
psa/aws/rds/rds.go:52.96,59.16 4 1
psa/aws/rds/rds.go:62.2,62.20 1 1
psa/aws/rds/rds.go:59.16,61.3 1 1
psa/aws/rds/rdsAction.go:10.82,15.16 4 0
psa/aws/rds/rdsAction.go:19.2,20.16 2 0
psa/aws/rds/rdsAction.go:15.16,17.3 1 0
psa/aws/rds/rdsAction.go:20.16,23.3 2 0
psa/aws/rds/rdsAction.go:23.8,25.3 1 0
psa/aws/ecs/ecs.go:13.37,19.16 2 1
psa/aws/ecs/ecs.go:22.2,24.19 2 1
psa/aws/ecs/ecs.go:19.16,21.3 1 0
psa/aws/ecs/ecs.go:27.59,32.16 3 1
psa/aws/ecs/ecs.go:36.2,38.24 2 1
psa/aws/ecs/ecs.go:32.16,34.3 1 0
psa/aws/ecs/ecs.go:41.84,42.33 1 1
psa/aws/ecs/ecs.go:48.2,48.50 1 0
psa/aws/ecs/ecs.go:42.33,43.63 1 1
psa/aws/ecs/ecs.go:43.63,45.4 1 1
psa/aws/ecs/ecs.go:51.76,53.2 1 1
psa/aws/ecs/ecs.go:55.77,57.2 1 1
psa/aws/ecs/ecs.go:59.75,63.16 3 1
psa/aws/ecs/ecs.go:66.2,66.32 1 1
psa/aws/ecs/ecs.go:63.16,65.3 1 0
psa/aws/ecs/ecs.go:69.70,70.29 1 1
psa/aws/ecs/ecs.go:75.2,75.53 1 0
psa/aws/ecs/ecs.go:70.29,71.36 1 1
psa/aws/ecs/ecs.go:71.36,73.4 1 1
psa/aws/ecs/ecs.go:78.96,85.16 3 1
psa/aws/ecs/ecs.go:89.2,89.39 1 1
psa/aws/ecs/ecs.go:85.16,87.3 1 0
psa/aws/ecs/ecsAction.go:9.66,13.16 3 0
psa/aws/ecs/ecsAction.go:17.2,18.17 2 0
psa/aws/ecs/ecsAction.go:22.2,23.23 2 0
psa/aws/ecs/ecsAction.go:26.2,27.20 2 0
psa/aws/ecs/ecsAction.go:31.2,32.22 2 0
psa/aws/ecs/ecsAction.go:35.2,35.55 1 0
psa/aws/ecs/ecsAction.go:13.16,15.3 1 0
psa/aws/ecs/ecsAction.go:18.17,20.3 1 0
psa/aws/ecs/ecsAction.go:23.23,25.3 1 0
psa/aws/ecs/ecsAction.go:27.20,29.3 1 0
psa/aws/ecs/ecsAction.go:32.22,34.3 1 0
psa/aws/ec2/ec2.go:13.40,19.16 2 1
psa/aws/ec2/ec2.go:23.2,25.24 2 1
psa/aws/ec2/ec2.go:19.16,22.3 2 0
psa/aws/ec2/ec2.go:28.65,35.16 5 1
psa/aws/ec2/ec2.go:38.2,38.29 1 1
psa/aws/ec2/ec2.go:46.2,46.28 1 1
psa/aws/ec2/ec2.go:35.16,37.3 1 0
psa/aws/ec2/ec2.go:38.29,41.17 3 0
psa/aws/ec2/ec2.go:44.3,44.66 1 0
psa/aws/ec2/ec2.go:41.17,43.4 1 0
psa/aws/ec2/ec2.go:49.79,51.25 2 1
psa/aws/ec2/ec2.go:62.2,62.25 1 1
psa/aws/ec2/ec2.go:65.2,65.23 1 1
psa/aws/ec2/ec2.go:51.25,54.25 3 1
psa/aws/ec2/ec2.go:57.3,57.40 1 1
psa/aws/ec2/ec2.go:54.25,56.4 1 0
psa/aws/ec2/ec2.go:57.40,60.4 2 1
psa/aws/ec2/ec2.go:62.25,64.3 1 0
psa/aws/ec2/ec2.go:68.55,69.25 1 1
psa/aws/ec2/ec2.go:74.2,74.51 1 0
psa/aws/ec2/ec2.go:69.25,70.40 1 1
psa/aws/ec2/ec2.go:70.40,72.4 1 1
psa/aws/cloudformation/cloudformation.go:12.70,19.16 2 1
psa/aws/cloudformation/cloudformation.go:22.2,30.16 4 1
psa/aws/cloudformation/cloudformation.go:34.2,34.28 1 1
psa/aws/cloudformation/cloudformation.go:19.16,21.3 1 0
psa/aws/cloudformation/cloudformation.go:30.16,32.3 1 1
psa/aws/cloudformation/cloudformation.go:38.64,40.37 2 1
psa/aws/cloudformation/cloudformation.go:45.2,45.35 1 1
psa/aws/cloudformation/cloudformation.go:40.37,41.54 1 1
psa/aws/cloudformation/cloudformation.go:41.54,43.4 1 1
psa/aws/cloudformation/cloudformation.go:48.65,50.37 2 1
psa/aws/cloudformation/cloudformation.go:55.2,55.36 1 1
psa/aws/cloudformation/cloudformation.go:50.37,51.55 1 1
psa/aws/cloudformation/cloudformation.go:51.55,53.4 1 1
psa/aws/cloudformation/cloudformation.go:58.63,60.37 2 1
psa/aws/cloudformation/cloudformation.go:65.2,65.34 1 1
psa/aws/cloudformation/cloudformation.go:60.37,61.53 1 1
psa/aws/cloudformation/cloudformation.go:61.53,63.4 1 1
psa/aws/cloudformation/cloudformation.go:68.68,70.37 2 1
psa/aws/cloudformation/cloudformation.go:76.2,76.31 1 1
psa/aws/cloudformation/cloudformation.go:70.37,71.50 1 1
psa/aws/cloudformation/cloudformation.go:71.50,73.4 1 1
psa/aws/cloudformation/cloudformation.go:79.146,81.2 1 1
psa/aws/cloudformation/cloudformation.go:83.52,87.16 2 1
psa/aws/cloudformation/cloudformation.go:91.2,106.16 4 1
psa/aws/cloudformation/cloudformation.go:109.2,111.26 3 1
psa/aws/cloudformation/cloudformation.go:126.2,126.21 1 1
psa/aws/cloudformation/cloudformation.go:87.16,89.3 1 0
psa/aws/cloudformation/cloudformation.go:106.16,108.3 1 0
psa/aws/cloudformation/cloudformation.go:111.26,119.17 3 1
psa/aws/cloudformation/cloudformation.go:122.3,124.59 3 1
psa/aws/cloudformation/cloudformation.go:119.17,121.4 1 0
psa/aws/cloudformation/cloudformation.go:129.64,132.29 3 1
psa/aws/cloudformation/cloudformation.go:137.2,137.23 1 1
psa/aws/cloudformation/cloudformation.go:132.29,133.93 1 1
psa/aws/cloudformation/cloudformation.go:133.93,135.4 1 1
psa/aws/cloudformation/cloudformation.go:140.88,142.16 2 1
psa/aws/cloudformation/cloudformation.go:146.2,147.32 2 1
psa/aws/cloudformation/cloudformation.go:150.2,150.37 1 1
psa/aws/cloudformation/cloudformation.go:160.2,160.27 1 1
psa/aws/cloudformation/cloudformation.go:142.16,145.3 2 0
psa/aws/cloudformation/cloudformation.go:147.32,149.3 1 1
psa/aws/cloudformation/cloudformation.go:151.13,152.53 1 1
psa/aws/cloudformation/cloudformation.go:153.14,154.54 1 1
psa/aws/cloudformation/cloudformation.go:155.15,156.55 1 0
psa/aws/cloudformation/cloudformation.go:157.10,158.21 1 0
psa/aws/cloudformation/cloudformation.go:163.85,168.16 4 1
psa/aws/cloudformation/cloudformation.go:172.2,172.45 1 1
psa/aws/cloudformation/cloudformation.go:179.2,179.30 1 1
psa/aws/cloudformation/cloudformation.go:168.16,170.3 1 0
psa/aws/cloudformation/cloudformation.go:172.45,173.33 1 1
psa/aws/cloudformation/cloudformation.go:173.33,175.4 1 1
psa/aws/cloudformation/cloudformation.go:175.9,177.4 1 0
psa/aws/cloudformation/cloudformation.go:182.43,188.16 2 1
psa/aws/cloudformation/cloudformation.go:191.2,193.41 2 1
psa/aws/cloudformation/cloudformation.go:207.2,207.12 1 1
psa/aws/cloudformation/cloudformation.go:188.16,190.3 1 0
psa/aws/cloudformation/cloudformation.go:193.41,201.21 4 0
psa/aws/cloudformation/cloudformation.go:201.21,203.9 2 0
psa/aws/cloudformation/cloudformationAction.go:9.68,11.16 2 0
psa/aws/cloudformation/cloudformationAction.go:15.2,17.16 3 0
psa/aws/cloudformation/cloudformationAction.go:11.16,14.3 2 0
psa/aws/cloudformation/cloudformationAction.go:17.16,19.3 1 0
